# JRE version: Java(TM) SE Runtime Environment (7.0_67-b01) (build 1.7.0_67-b01)
# Java VM: Java HotSpot(TM) 64-Bit Server VM (24.65-b04 mixed mode windows-amd64 compressed oops)
Heap
 PSYoungGen      total 296448K, used 158684K [0x00000007d5c80000, 0x00000007f9d80000, 0x0000000800000000)
  eden space 266240K, 55% used [0x00000007d5c80000,0x00000007dec51878,0x00000007e6080000)
  from space 30208K, 37% used [0x00000007e6080000,0x00000007e6ba57d0,0x00000007e7e00000)
  to   space 29184K, 0% used [0x00000007f8100000,0x00000007f8100000,0x00000007f9d80000)
 ParOldGen       total 86016K, used 59917K [0x0000000781600000, 0x0000000786a00000, 0x00000007d5c80000)
  object space 86016K, 69% used [0x0000000781600000,0x00000007850837e0,0x0000000786a00000)
 PSPermGen       total 51712K, used 51707K [0x000000077c400000, 0x000000077f680000, 0x0000000781600000)
  object space 51712K, 99% used [0x000000077c400000,0x000000077f67ef60,0x000000077f680000)
GC Heap History (10 events):
Event: 2.872 GC heap before
{Heap before GC invocations=3 (full 0):
 PSYoungGen      total 71680K, used 71669K [0x00000007d5c80000, 0x00000007da780000, 0x0000000800000000)
  eden space 66560K, 100% used [0x00000007d5c80000,0x00000007d9d80000,0x00000007d9d80000)
  from space 5120K, 99% used [0x00000007da280000,0x00000007da77d698,0x00000007da780000)
  to   space 5120K, 0% used [0x00000007d9d80000,0x00000007d9d80000,0x00000007da280000)
 ParOldGen       total 86016K, used 11203K [0x0000000781600000, 0x0000000786a00000, 0x00000007d5c80000)
  object space 86016K, 13% used [0x0000000781600000,0x00000007820f0ce8,0x0000000786a00000)
 PSPermGen       total 28160K, used 27870K [0x000000077c400000, 0x000000077df80000, 0x0000000781600000)
  object space 28160K, 98% used [0x000000077c400000,0x000000077df378e0,0x000000077df80000)
Event: 2.887 GC heap after
Heap after GC invocations=3 (full 0):
 PSYoungGen      total 71680K, used 5109K [0x00000007d5c80000, 0x00000007de880000, 0x0000000800000000)
  eden space 66560K, 0% used [0x00000007d5c80000,0x00000007d5c80000,0x00000007d9d80000)
  from space 5120K, 99% used [0x00000007d9d80000,0x00000007da27d6b8,0x00000007da280000)
  to   space 5120K, 0% used [0x00000007de380000,0x00000007de380000,0x00000007de880000)
 ParOldGen       total 86016K, used 16993K [0x0000000781600000, 0x0000000786a00000, 0x00000007d5c80000)
  object space 86016K, 19% used [0x0000000781600000,0x00000007826987f8,0x0000000786a00000)
 PSPermGen       total 28160K, used 27870K [0x000000077c400000, 0x000000077df80000, 0x0000000781600000)
  object space 28160K, 98% used [0x000000077c400000,0x000000077df378e0,0x000000077df80000)
}
Event: 4.592 GC heap before
{Heap before GC invocations=4 (full 0):
 PSYoungGen      total 71680K, used 71669K [0x00000007d5c80000, 0x00000007de880000, 0x0000000800000000)
  eden space 66560K, 100% used [0x00000007d5c80000,0x00000007d9d80000,0x00000007d9d80000)
  from space 5120K, 99% used [0x00000007d9d80000,0x00000007da27d6b8,0x00000007da280000)
  to   space 5120K, 0% used [0x00000007de380000,0x00000007de380000,0x00000007de880000)
 ParOldGen       total 86016K, used 16993K [0x0000000781600000, 0x0000000786a00000, 0x00000007d5c80000)
  object space 86016K, 19% used [0x0000000781600000,0x00000007826987f8,0x0000000786a00000)
 PSPermGen       total 38400K, used 38154K [0x000000077c400000, 0x000000077e980000, 0x0000000781600000)
  object space 38400K, 99% used [0x000000077c400000,0x000000077e942948,0x000000077e980000)
Event: 4.615 GC heap after
Heap after GC invocations=4 (full 0):
 PSYoungGen      total 138240K, used 5092K [0x00000007d5c80000, 0x00000007de880000, 0x0000000800000000)
  eden space 133120K, 0% used [0x00000007d5c80000,0x00000007d5c80000,0x00000007dde80000)
  from space 5120K, 99% used [0x00000007de380000,0x00000007de879020,0x00000007de880000)
  to   space 5120K, 0% used [0x00000007dde80000,0x00000007dde80000,0x00000007de380000)
 ParOldGen       total 86016K, used 34146K [0x0000000781600000, 0x0000000786a00000, 0x00000007d5c80000)
  object space 86016K, 39% used [0x0000000781600000,0x0000000783758960,0x0000000786a00000)
 PSPermGen       total 38400K, used 38154K [0x000000077c400000, 0x000000077e980000, 0x0000000781600000)
  object space 38400K, 99% used [0x000000077c400000,0x000000077e942948,0x000000077e980000)
}
Event: 13.006 GC heap before
{Heap before GC invocations=5 (full 0):
 PSYoungGen      total 138240K, used 138212K [0x00000007d5c80000, 0x00000007de880000, 0x0000000800000000)
  eden space 133120K, 100% used [0x00000007d5c80000,0x00000007dde80000,0x00000007dde80000)
  from space 5120K, 99% used [0x00000007de380000,0x00000007de879020,0x00000007de880000)
  to   space 5120K, 0% used [0x00000007dde80000,0x00000007dde80000,0x00000007de380000)
 ParOldGen       total 86016K, used 34146K [0x0000000781600000, 0x0000000786a00000, 0x00000007d5c80000)
  object space 86016K, 39% used [0x0000000781600000,0x0000000783758960,0x0000000786a00000)
 PSPermGen       total 44032K, used 43538K [0x000000077c400000, 0x000000077ef00000, 0x0000000781600000)
  object space 44032K, 98% used [0x000000077c400000,0x000000077ee84ad0,0x000000077ef00000)
Event: 13.025 GC heap after
Heap after GC invocations=5 (full 0):
 PSYoungGen      total 138240K, used 5092K [0x00000007d5c80000, 0x00000007e9c80000, 0x0000000800000000)
  eden space 133120K, 0% used [0x00000007d5c80000,0x00000007d5c80000,0x00000007dde80000)
  from space 5120K, 99% used [0x00000007dde80000,0x00000007de379040,0x00000007de380000)
  to   space 30720K, 0% used [0x00000007e7e80000,0x00000007e7e80000,0x00000007e9c80000)
 ParOldGen       total 86016K, used 57873K [0x0000000781600000, 0x0000000786a00000, 0x00000007d5c80000)
  object space 86016K, 67% used [0x0000000781600000,0x0000000784e844c0,0x0000000786a00000)
 PSPermGen       total 44032K, used 43538K [0x000000077c400000, 0x000000077ef00000, 0x0000000781600000)
  object space 44032K, 98% used [0x000000077c400000,0x000000077ee84ad0,0x000000077ef00000)
}
Event: 13.775 GC heap before
{Heap before GC invocations=6 (full 0):
 PSYoungGen      total 138240K, used 138212K [0x00000007d5c80000, 0x00000007e9c80000, 0x0000000800000000)
  eden space 133120K, 100% used [0x00000007d5c80000,0x00000007dde80000,0x00000007dde80000)
  from space 5120K, 99% used [0x00000007dde80000,0x00000007de379040,0x00000007de380000)
  to   space 30720K, 0% used [0x00000007e7e80000,0x00000007e7e80000,0x00000007e9c80000)
 ParOldGen       total 86016K, used 57873K [0x0000000781600000, 0x0000000786a00000, 0x00000007d5c80000)
  object space 86016K, 67% used [0x0000000781600000,0x0000000784e844c0,0x0000000786a00000)
 PSPermGen       total 46592K, used 46113K [0x000000077c400000, 0x000000077f180000, 0x0000000781600000)
  object space 46592K, 98% used [0x000000077c400000,0x000000077f108670,0x000000077f180000)
Event: 13.795 GC heap after
Heap after GC invocations=6 (full 0):
 PSYoungGen      total 295936K, used 9361K [0x00000007d5c80000, 0x00000007e9b80000, 0x0000000800000000)
  eden space 266240K, 0% used [0x00000007d5c80000,0x00000007d5c80000,0x00000007e6080000)
  from space 29696K, 31% used [0x00000007e7e80000,0x00000007e87a4510,0x00000007e9b80000)
  to   space 30208K, 0% used [0x00000007e6080000,0x00000007e6080000,0x00000007e7e00000)
 ParOldGen       total 86016K, used 57873K [0x0000000781600000, 0x0000000786a00000, 0x00000007d5c80000)
  object space 86016K, 67% used [0x0000000781600000,0x0000000784e844c0,0x0000000786a00000)
 PSPermGen       total 46592K, used 46113K [0x000000077c400000, 0x000000077f180000, 0x0000000781600000)
  object space 46592K, 98% used [0x000000077c400000,0x000000077f108670,0x000000077f180000)
}
Event: 19.179 GC heap before
{Heap before GC invocations=7 (full 0):
 PSYoungGen      total 295936K, used 275601K [0x00000007d5c80000, 0x00000007e9b80000, 0x0000000800000000)
  eden space 266240K, 100% used [0x00000007d5c80000,0x00000007e6080000,0x00000007e6080000)
  from space 29696K, 31% used [0x00000007e7e80000,0x00000007e87a4510,0x00000007e9b80000)
  to   space 30208K, 0% used [0x00000007e6080000,0x00000007e6080000,0x00000007e7e00000)
 ParOldGen       total 86016K, used 57873K [0x0000000781600000, 0x0000000786a00000, 0x00000007d5c80000)
  object space 86016K, 67% used [0x0000000781600000,0x0000000784e844c0,0x0000000786a00000)
 PSPermGen       total 51200K, used 50704K [0x000000077c400000, 0x000000077f600000, 0x0000000781600000)
  object space 51200K, 99% used [0x000000077c400000,0x000000077f5843d0,0x000000077f600000)
Event: 19.197 GC heap after
Heap after GC invocations=7 (full 0):
 PSYoungGen      total 296448K, used 11413K [0x00000007d5c80000, 0x00000007f9d80000, 0x0000000800000000)
  eden space 266240K, 0% used [0x00000007d5c80000,0x00000007d5c80000,0x00000007e6080000)
  from space 30208K, 37% used [0x00000007e6080000,0x00000007e6ba57d0,0x00000007e7e00000)
  to   space 29184K, 0% used [0x00000007f8100000,0x00000007f8100000,0x00000007f9d80000)
 ParOldGen       total 86016K, used 59917K [0x0000000781600000, 0x0000000786a00000, 0x00000007d5c80000)
  object space 86016K, 69% used [0x0000000781600000,0x00000007850837e0,0x0000000786a00000)
 PSPermGen       total 51200K, used 50704K [0x000000077c400000, 0x000000077f600000, 0x0000000781600000)
  object space 51200K, 99% used [0x000000077c400000,0x000000077f5843d0,0x000000077f600000)
}

