# JRE version: Java(TM) SE Runtime Environment (7.0_67-b01) (build 1.7.0_67-b01)
# Java VM: Java HotSpot(TM) 64-Bit Server VM (24.65-b04 mixed mode windows-amd64 compressed oops)
Heap
 PSYoungGen      total 172544K, used 59927K [0x00000007d5c80000, 0x00000007e3f80000, 0x0000000800000000)
  eden space 166912K, 32% used [0x00000007d5c80000,0x00000007d91d5f08,0x00000007dff80000)
  from space 5632K, 94% used [0x00000007e3a00000,0x00000007e3f2ffd8,0x00000007e3f80000)
  to   space 25088K, 0% used [0x00000007e0e80000,0x00000007e0e80000,0x00000007e2700000)
 ParOldGen       total 124416K, used 50401K [0x0000000781600000, 0x0000000788f80000, 0x00000007d5c80000)
  object space 124416K, 40% used [0x0000000781600000,0x0000000784738760,0x0000000788f80000)
 PSPermGen       total 83968K, used 51059K [0x000000077c400000, 0x0000000781600000, 0x0000000781600000)
  object space 83968K, 60% used [0x000000077c400000,0x000000077f5dcc60,0x0000000781600000)
GC Heap History (10 events):
Event: 20.867 GC heap before
{Heap before GC invocations=7 (full 0):
 PSYoungGen      total 153600K, used 147860K [0x00000007d5c80000, 0x00000007e0a80000, 0x0000000800000000)
  eden space 132096K, 100% used [0x00000007d5c80000,0x00000007ddd80000,0x00000007ddd80000)
  from space 21504K, 73% used [0x00000007df380000,0x00000007e02e5360,0x00000007e0880000)
  to   space 22528K, 0% used [0x00000007ddd80000,0x00000007ddd80000,0x00000007df380000)
 ParOldGen       total 86016K, used 34621K [0x0000000781600000, 0x0000000786a00000, 0x00000007d5c80000)
  object space 86016K, 40% used [0x0000000781600000,0x00000007837cf780,0x0000000786a00000)
 PSPermGen       total 44544K, used 44060K [0x000000077c400000, 0x000000077ef80000, 0x0000000781600000)
  object space 44544K, 98% used [0x000000077c400000,0x000000077ef07208,0x000000077ef80000)
Event: 20.891 GC heap after
Heap after GC invocations=7 (full 0):
 PSYoungGen      total 145408K, used 18314K [0x00000007d5c80000, 0x00000007e0780000, 0x0000000800000000)
  eden space 126976K, 0% used [0x00000007d5c80000,0x00000007d5c80000,0x00000007dd880000)
  from space 18432K, 99% used [0x00000007ddd80000,0x00000007def62a80,0x00000007def80000)
  to   space 24064K, 0% used [0x00000007df000000,0x00000007df000000,0x00000007e0780000)
 ParOldGen       total 86016K, used 52778K [0x0000000781600000, 0x0000000786a00000, 0x00000007d5c80000)
  object space 86016K, 61% used [0x0000000781600000,0x000000078498a980,0x0000000786a00000)
 PSPermGen       total 44544K, used 44060K [0x000000077c400000, 0x000000077ef80000, 0x0000000781600000)
  object space 44544K, 98% used [0x000000077c400000,0x000000077ef07208,0x000000077ef80000)
}
Event: 21.599 GC heap before
{Heap before GC invocations=8 (full 0):
 PSYoungGen      total 145408K, used 145290K [0x00000007d5c80000, 0x00000007e0780000, 0x0000000800000000)
  eden space 126976K, 100% used [0x00000007d5c80000,0x00000007dd880000,0x00000007dd880000)
  from space 18432K, 99% used [0x00000007ddd80000,0x00000007def62a80,0x00000007def80000)
  to   space 24064K, 0% used [0x00000007df000000,0x00000007df000000,0x00000007e0780000)
 ParOldGen       total 86016K, used 52778K [0x0000000781600000, 0x0000000786a00000, 0x00000007d5c80000)
  object space 86016K, 61% used [0x0000000781600000,0x000000078498a980,0x0000000786a00000)
 PSPermGen       total 46592K, used 46484K [0x000000077c400000, 0x000000077f180000, 0x0000000781600000)
  object space 46592K, 99% used [0x000000077c400000,0x000000077f165060,0x000000077f180000)
Event: 21.618 GC heap after
Heap after GC invocations=8 (full 0):
 PSYoungGen      total 150016K, used 18630K [0x00000007d5c80000, 0x00000007e8580000, 0x0000000800000000)
  eden space 125952K, 0% used [0x00000007d5c80000,0x00000007d5c80000,0x00000007dd780000)
  from space 24064K, 77% used [0x00000007df000000,0x00000007e0231a80,0x00000007e0780000)
  to   space 25088K, 0% used [0x00000007dd780000,0x00000007dd780000,0x00000007df000000)
 ParOldGen       total 86016K, used 53158K [0x0000000781600000, 0x0000000786a00000, 0x00000007d5c80000)
  object space 86016K, 61% used [0x0000000781600000,0x00000007849e9990,0x0000000786a00000)
 PSPermGen       total 46592K, used 46484K [0x000000077c400000, 0x000000077f180000, 0x0000000781600000)
  object space 46592K, 99% used [0x000000077c400000,0x000000077f165060,0x000000077f180000)
}
Event: 22.274 GC heap before
{Heap before GC invocations=9 (full 0):
 PSYoungGen      total 150016K, used 144582K [0x00000007d5c80000, 0x00000007e8580000, 0x0000000800000000)
  eden space 125952K, 100% used [0x00000007d5c80000,0x00000007dd780000,0x00000007dd780000)
  from space 24064K, 77% used [0x00000007df000000,0x00000007e0231a80,0x00000007e0780000)
  to   space 25088K, 0% used [0x00000007dd780000,0x00000007dd780000,0x00000007df000000)
 ParOldGen       total 86016K, used 53158K [0x0000000781600000, 0x0000000786a00000, 0x00000007d5c80000)
  object space 86016K, 61% used [0x0000000781600000,0x00000007849e9990,0x0000000786a00000)
 PSPermGen       total 49152K, used 48677K [0x000000077c400000, 0x000000077f400000, 0x0000000781600000)
  object space 49152K, 99% used [0x000000077c400000,0x000000077f389678,0x000000077f400000)
Event: 22.290 GC heap after
Heap after GC invocations=9 (full 0):
 PSYoungGen      total 151040K, used 6291K [0x00000007d5c80000, 0x00000007e5280000, 0x0000000800000000)
  eden space 125952K, 0% used [0x00000007d5c80000,0x00000007d5c80000,0x00000007dd780000)
  from space 25088K, 25% used [0x00000007dd780000,0x00000007ddda4f28,0x00000007df000000)
  to   space 25088K, 0% used [0x00000007e3a00000,0x00000007e3a00000,0x00000007e5280000)
 ParOldGen       total 86016K, used 81418K [0x0000000781600000, 0x0000000786a00000, 0x00000007d5c80000)
  object space 86016K, 94% used [0x0000000781600000,0x00000007865829d0,0x0000000786a00000)
 PSPermGen       total 49152K, used 48677K [0x000000077c400000, 0x000000077f400000, 0x0000000781600000)
  object space 49152K, 99% used [0x000000077c400000,0x000000077f389678,0x000000077f400000)
}
Event: 22.290 GC heap before
{Heap before GC invocations=10 (full 1):
 PSYoungGen      total 151040K, used 6291K [0x00000007d5c80000, 0x00000007e5280000, 0x0000000800000000)
  eden space 125952K, 0% used [0x00000007d5c80000,0x00000007d5c80000,0x00000007dd780000)
  from space 25088K, 25% used [0x00000007dd780000,0x00000007ddda4f28,0x00000007df000000)
  to   space 25088K, 0% used [0x00000007e3a00000,0x00000007e3a00000,0x00000007e5280000)
 ParOldGen       total 86016K, used 81418K [0x0000000781600000, 0x0000000786a00000, 0x00000007d5c80000)
  object space 86016K, 94% used [0x0000000781600000,0x00000007865829d0,0x0000000786a00000)
 PSPermGen       total 49152K, used 48677K [0x000000077c400000, 0x000000077f400000, 0x0000000781600000)
  object space 49152K, 99% used [0x000000077c400000,0x000000077f389678,0x000000077f400000)
Event: 22.525 GC heap after
Heap after GC invocations=10 (full 1):
 PSYoungGen      total 151040K, used 0K [0x00000007d5c80000, 0x00000007e5280000, 0x0000000800000000)
  eden space 125952K, 0% used [0x00000007d5c80000,0x00000007d5c80000,0x00000007dd780000)
  from space 25088K, 0% used [0x00000007dd780000,0x00000007dd780000,0x00000007df000000)
  to   space 25088K, 0% used [0x00000007e3a00000,0x00000007e3a00000,0x00000007e5280000)
 ParOldGen       total 124416K, used 50401K [0x0000000781600000, 0x0000000788f80000, 0x00000007d5c80000)
  object space 124416K, 40% used [0x0000000781600000,0x0000000784738760,0x0000000788f80000)
 PSPermGen       total 83968K, used 48659K [0x000000077c400000, 0x0000000781600000, 0x0000000781600000)
  object space 83968K, 57% used [0x000000077c400000,0x000000077f384dd0,0x0000000781600000)
}
Event: 31.150 GC heap before
{Heap before GC invocations=11 (full 1):
 PSYoungGen      total 151040K, used 119429K [0x00000007d5c80000, 0x00000007e5280000, 0x0000000800000000)
  eden space 125952K, 94% used [0x00000007d5c80000,0x00000007dd1215a8,0x00000007dd780000)
  from space 25088K, 0% used [0x00000007dd780000,0x00000007dd780000,0x00000007df000000)
  to   space 25088K, 0% used [0x00000007e3a00000,0x00000007e3a00000,0x00000007e5280000)
 ParOldGen       total 124416K, used 50401K [0x0000000781600000, 0x0000000788f80000, 0x00000007d5c80000)
  object space 124416K, 40% used [0x0000000781600000,0x0000000784738760,0x0000000788f80000)
 PSPermGen       total 83968K, used 50954K [0x000000077c400000, 0x0000000781600000, 0x0000000781600000)
  object space 83968K, 60% used [0x000000077c400000,0x000000077f5c2b70,0x0000000781600000)
Event: 31.158 GC heap after
Heap after GC invocations=11 (full 1):
 PSYoungGen      total 172544K, used 5311K [0x00000007d5c80000, 0x00000007e3f80000, 0x0000000800000000)
  eden space 166912K, 0% used [0x00000007d5c80000,0x00000007d5c80000,0x00000007dff80000)
  from space 5632K, 94% used [0x00000007e3a00000,0x00000007e3f2ffd8,0x00000007e3f80000)
  to   space 25088K, 0% used [0x00000007e0e80000,0x00000007e0e80000,0x00000007e2700000)
 ParOldGen       total 124416K, used 50401K [0x0000000781600000, 0x0000000788f80000, 0x00000007d5c80000)
  object space 124416K, 40% used [0x0000000781600000,0x0000000784738760,0x0000000788f80000)
 PSPermGen       total 83968K, used 50954K [0x000000077c400000, 0x0000000781600000, 0x0000000781600000)
  object space 83968K, 60% used [0x000000077c400000,0x000000077f5c2b70,0x0000000781600000)
}

