# JRE version: Java(TM) SE Runtime Environment (7.0_67-b01) (build 1.7.0_67-b01)
# Java VM: Java HotSpot(TM) 64-Bit Server VM (24.65-b04 mixed mode windows-amd64 compressed oops)
Heap
 PSYoungGen      total 96768K, used 16975K [0x00000007d5c80000, 0x00000007de880000, 0x0000000800000000)
  eden space 80384K, 17% used [0x00000007d5c80000,0x00000007d6a6b128,0x00000007dab00000)
  from space 16384K, 16% used [0x00000007dab00000,0x00000007dada8be8,0x00000007dbb00000)
  to   space 15360K, 0% used [0x00000007dd980000,0x00000007dd980000,0x00000007de880000)
 ParOldGen       total 86016K, used 64891K [0x0000000781600000, 0x0000000786a00000, 0x00000007d5c80000)
  object space 86016K, 75% used [0x0000000781600000,0x000000078555ec18,0x0000000786a00000)
 PSPermGen       total 52736K, used 52508K [0x000000077c400000, 0x000000077f780000, 0x0000000781600000)
  object space 52736K, 99% used [0x000000077c400000,0x000000077f747378,0x000000077f780000)
GC Heap History (10 events):
Event: 122.330 GC heap before
{Heap before GC invocations=17 (full 0):
 PSYoungGen      total 59392K, used 41731K [0x00000007d5c80000, 0x00000007da980000, 0x0000000800000000)
  eden space 40960K, 100% used [0x00000007d5c80000,0x00000007d8480000,0x00000007d8480000)
  from space 18432K, 4% used [0x00000007d9780000,0x00000007d9840fb0,0x00000007da980000)
  to   space 18944K, 0% used [0x00000007d8480000,0x00000007d8480000,0x00000007d9700000)
 ParOldGen       total 86016K, used 63081K [0x0000000781600000, 0x0000000786a00000, 0x00000007d5c80000)
  object space 86016K, 73% used [0x0000000781600000,0x000000078539a408,0x0000000786a00000)
 PSPermGen       total 47616K, used 47451K [0x000000077c400000, 0x000000077f280000, 0x0000000781600000)
  object space 47616K, 99% used [0x000000077c400000,0x000000077f256da8,0x000000077f280000)
Event: 122.333 GC heap after
Heap after GC invocations=17 (full 0):
 PSYoungGen      total 59904K, used 1270K [0x00000007d5c80000, 0x00000007db880000, 0x0000000800000000)
  eden space 40960K, 0% used [0x00000007d5c80000,0x00000007d5c80000,0x00000007d8480000)
  from space 18944K, 6% used [0x00000007d8480000,0x00000007d85bdb48,0x00000007d9700000)
  to   space 18432K, 0% used [0x00000007da680000,0x00000007da680000,0x00000007db880000)
 ParOldGen       total 86016K, used 63297K [0x0000000781600000, 0x0000000786a00000, 0x00000007d5c80000)
  object space 86016K, 73% used [0x0000000781600000,0x00000007853d0408,0x0000000786a00000)
 PSPermGen       total 47616K, used 47451K [0x000000077c400000, 0x000000077f280000, 0x0000000781600000)
  object space 47616K, 99% used [0x000000077c400000,0x000000077f256da8,0x000000077f280000)
}
Event: 122.568 GC heap before
{Heap before GC invocations=18 (full 0):
 PSYoungGen      total 59904K, used 42230K [0x00000007d5c80000, 0x00000007db880000, 0x0000000800000000)
  eden space 40960K, 100% used [0x00000007d5c80000,0x00000007d8480000,0x00000007d8480000)
  from space 18944K, 6% used [0x00000007d8480000,0x00000007d85bdb48,0x00000007d9700000)
  to   space 18432K, 0% used [0x00000007da680000,0x00000007da680000,0x00000007db880000)
 ParOldGen       total 86016K, used 63297K [0x0000000781600000, 0x0000000786a00000, 0x00000007d5c80000)
  object space 86016K, 73% used [0x0000000781600000,0x00000007853d0408,0x0000000786a00000)
 PSPermGen       total 48640K, used 48362K [0x000000077c400000, 0x000000077f380000, 0x0000000781600000)
  object space 48640K, 99% used [0x000000077c400000,0x000000077f33aa28,0x000000077f380000)
Event: 122.572 GC heap after
Heap after GC invocations=18 (full 0):
 PSYoungGen      total 74752K, used 1477K [0x00000007d5c80000, 0x00000007db780000, 0x0000000800000000)
  eden space 57344K, 0% used [0x00000007d5c80000,0x00000007d5c80000,0x00000007d9480000)
  from space 17408K, 8% used [0x00000007da680000,0x00000007da7f1640,0x00000007db780000)
  to   space 17920K, 0% used [0x00000007d9480000,0x00000007d9480000,0x00000007da600000)
 ParOldGen       total 86016K, used 63761K [0x0000000781600000, 0x0000000786a00000, 0x00000007d5c80000)
  object space 86016K, 74% used [0x0000000781600000,0x0000000785444408,0x0000000786a00000)
 PSPermGen       total 48640K, used 48362K [0x000000077c400000, 0x000000077f380000, 0x0000000781600000)
  object space 48640K, 99% used [0x000000077c400000,0x000000077f33aa28,0x000000077f380000)
}
Event: 122.929 GC heap before
{Heap before GC invocations=19 (full 0):
 PSYoungGen      total 74752K, used 58821K [0x00000007d5c80000, 0x00000007db780000, 0x0000000800000000)
  eden space 57344K, 100% used [0x00000007d5c80000,0x00000007d9480000,0x00000007d9480000)
  from space 17408K, 8% used [0x00000007da680000,0x00000007da7f1640,0x00000007db780000)
  to   space 17920K, 0% used [0x00000007d9480000,0x00000007d9480000,0x00000007da600000)
 ParOldGen       total 86016K, used 63761K [0x0000000781600000, 0x0000000786a00000, 0x00000007d5c80000)
  object space 86016K, 74% used [0x0000000781600000,0x0000000785444408,0x0000000786a00000)
 PSPermGen       total 49664K, used 49652K [0x000000077c400000, 0x000000077f480000, 0x0000000781600000)
  object space 49664K, 99% used [0x000000077c400000,0x000000077f47d118,0x000000077f480000)
Event: 122.957 GC heap after
Heap after GC invocations=19 (full 0):
 PSYoungGen      total 75264K, used 1822K [0x00000007d5c80000, 0x00000007dcc00000, 0x0000000800000000)
  eden space 57344K, 0% used [0x00000007d5c80000,0x00000007d5c80000,0x00000007d9480000)
  from space 17920K, 10% used [0x00000007d9480000,0x00000007d9647ac0,0x00000007da600000)
  to   space 16896K, 0% used [0x00000007dbb80000,0x00000007dbb80000,0x00000007dcc00000)
 ParOldGen       total 86016K, used 63985K [0x0000000781600000, 0x0000000786a00000, 0x00000007d5c80000)
  object space 86016K, 74% used [0x0000000781600000,0x000000078547c408,0x0000000786a00000)
 PSPermGen       total 49664K, used 49652K [0x000000077c400000, 0x000000077f480000, 0x0000000781600000)
  object space 49664K, 99% used [0x000000077c400000,0x000000077f47d118,0x000000077f480000)
}
Event: 123.353 GC heap before
{Heap before GC invocations=20 (full 0):
 PSYoungGen      total 75264K, used 59166K [0x00000007d5c80000, 0x00000007dcc00000, 0x0000000800000000)
  eden space 57344K, 100% used [0x00000007d5c80000,0x00000007d9480000,0x00000007d9480000)
  from space 17920K, 10% used [0x00000007d9480000,0x00000007d9647ac0,0x00000007da600000)
  to   space 16896K, 0% used [0x00000007dbb80000,0x00000007dbb80000,0x00000007dcc00000)
 ParOldGen       total 86016K, used 63985K [0x0000000781600000, 0x0000000786a00000, 0x00000007d5c80000)
  object space 86016K, 74% used [0x0000000781600000,0x000000078547c408,0x0000000786a00000)
 PSPermGen       total 50688K, used 50668K [0x000000077c400000, 0x000000077f580000, 0x0000000781600000)
  object space 50688K, 99% used [0x000000077c400000,0x000000077f57b1d0,0x000000077f580000)
Event: 123.356 GC heap after
Heap after GC invocations=20 (full 0):
 PSYoungGen      total 96256K, used 1595K [0x00000007d5c80000, 0x00000007dcb00000, 0x0000000800000000)
  eden space 80384K, 0% used [0x00000007d5c80000,0x00000007d5c80000,0x00000007dab00000)
  from space 15872K, 10% used [0x00000007dbb80000,0x00000007dbd0ee80,0x00000007dcb00000)
  to   space 16384K, 0% used [0x00000007dab00000,0x00000007dab00000,0x00000007dbb00000)
 ParOldGen       total 86016K, used 64425K [0x0000000781600000, 0x0000000786a00000, 0x00000007d5c80000)
  object space 86016K, 74% used [0x0000000781600000,0x00000007854ea408,0x0000000786a00000)
 PSPermGen       total 50688K, used 50668K [0x000000077c400000, 0x000000077f580000, 0x0000000781600000)
  object space 50688K, 99% used [0x000000077c400000,0x000000077f57b1d0,0x000000077f580000)
}
Event: 123.919 GC heap before
{Heap before GC invocations=21 (full 0):
 PSYoungGen      total 96256K, used 81979K [0x00000007d5c80000, 0x00000007dcb00000, 0x0000000800000000)
  eden space 80384K, 100% used [0x00000007d5c80000,0x00000007dab00000,0x00000007dab00000)
  from space 15872K, 10% used [0x00000007dbb80000,0x00000007dbd0ee80,0x00000007dcb00000)
  to   space 16384K, 0% used [0x00000007dab00000,0x00000007dab00000,0x00000007dbb00000)
 ParOldGen       total 86016K, used 64425K [0x0000000781600000, 0x0000000786a00000, 0x00000007d5c80000)
  object space 86016K, 74% used [0x0000000781600000,0x00000007854ea408,0x0000000786a00000)
 PSPermGen       total 52736K, used 52446K [0x000000077c400000, 0x000000077f780000, 0x0000000781600000)
  object space 52736K, 99% used [0x000000077c400000,0x000000077f737b90,0x000000077f780000)
Event: 123.924 GC heap after
Heap after GC invocations=21 (full 0):
 PSYoungGen      total 96768K, used 2722K [0x00000007d5c80000, 0x00000007de880000, 0x0000000800000000)
  eden space 80384K, 0% used [0x00000007d5c80000,0x00000007d5c80000,0x00000007dab00000)
  from space 16384K, 16% used [0x00000007dab00000,0x00000007dada8be8,0x00000007dbb00000)
  to   space 15360K, 0% used [0x00000007dd980000,0x00000007dd980000,0x00000007de880000)
 ParOldGen       total 86016K, used 64891K [0x0000000781600000, 0x0000000786a00000, 0x00000007d5c80000)
  object space 86016K, 75% used [0x0000000781600000,0x000000078555ec18,0x0000000786a00000)
 PSPermGen       total 52736K, used 52446K [0x000000077c400000, 0x000000077f780000, 0x0000000781600000)
  object space 52736K, 99% used [0x000000077c400000,0x000000077f737b90,0x000000077f780000)
}

