# JRE version: Java(TM) SE Runtime Environment (7.0_67-b01) (build 1.7.0_67-b01)
# Java VM: Java HotSpot(TM) 64-Bit Server VM (24.65-b04 mixed mode windows-amd64 compressed oops)
Heap
 PSYoungGen      total 154112K, used 91507K [0x00000007d5c80000, 0x00000007e9380000, 0x0000000800000000)
  eden space 130048K, 51% used [0x00000007d5c80000,0x00000007d9e61020,0x00000007ddb80000)
  from space 24064K, 99% used [0x00000007ddb80000,0x00000007df2fbf48,0x00000007df300000)
  to   space 29184K, 0% used [0x00000007e7700000,0x00000007e7700000,0x00000007e9380000)
 ParOldGen       total 86016K, used 36425K [0x0000000781600000, 0x0000000786a00000, 0x00000007d5c80000)
  object space 86016K, 42% used [0x0000000781600000,0x00000007839927a0,0x0000000786a00000)
 PSPermGen       total 50176K, used 50075K [0x000000077c400000, 0x000000077f500000, 0x0000000781600000)
  object space 50176K, 99% used [0x000000077c400000,0x000000077f4e6c58,0x000000077f500000)
GC Heap History (10 events):
Event: 2.533 GC heap before
{Heap before GC invocations=3 (full 0):
 PSYoungGen      total 38400K, used 38400K [0x00000007d5c80000, 0x00000007da780000, 0x0000000800000000)
  eden space 33280K, 100% used [0x00000007d5c80000,0x00000007d7d00000,0x00000007d7d00000)
  from space 5120K, 100% used [0x00000007d8200000,0x00000007d8700000,0x00000007d8700000)
  to   space 5120K, 0% used [0x00000007d7d00000,0x00000007d7d00000,0x00000007d8200000)
 ParOldGen       total 86016K, used 11176K [0x0000000781600000, 0x0000000786a00000, 0x00000007d5c80000)
  object space 86016K, 12% used [0x0000000781600000,0x00000007820ea238,0x0000000786a00000)
 PSPermGen       total 25088K, used 24886K [0x000000077c400000, 0x000000077dc80000, 0x0000000781600000)
  object space 25088K, 99% used [0x000000077c400000,0x000000077dc4dbc0,0x000000077dc80000)
Event: 2.542 GC heap after
Heap after GC invocations=3 (full 0):
 PSYoungGen      total 38400K, used 5104K [0x00000007d5c80000, 0x00000007da780000, 0x0000000800000000)
  eden space 33280K, 0% used [0x00000007d5c80000,0x00000007d5c80000,0x00000007d7d00000)
  from space 5120K, 99% used [0x00000007d7d00000,0x00000007d81fc010,0x00000007d8200000)
  to   space 5120K, 0% used [0x00000007da280000,0x00000007da280000,0x00000007da780000)
 ParOldGen       total 86016K, used 13340K [0x0000000781600000, 0x0000000786a00000, 0x00000007d5c80000)
  object space 86016K, 15% used [0x0000000781600000,0x0000000782307038,0x0000000786a00000)
 PSPermGen       total 25088K, used 24886K [0x000000077c400000, 0x000000077dc80000, 0x0000000781600000)
  object space 25088K, 99% used [0x000000077c400000,0x000000077dc4dbc0,0x000000077dc80000)
}
Event: 3.180 GC heap before
{Heap before GC invocations=4 (full 0):
 PSYoungGen      total 38400K, used 38384K [0x00000007d5c80000, 0x00000007da780000, 0x0000000800000000)
  eden space 33280K, 100% used [0x00000007d5c80000,0x00000007d7d00000,0x00000007d7d00000)
  from space 5120K, 99% used [0x00000007d7d00000,0x00000007d81fc010,0x00000007d8200000)
  to   space 5120K, 0% used [0x00000007da280000,0x00000007da280000,0x00000007da780000)
 ParOldGen       total 86016K, used 13340K [0x0000000781600000, 0x0000000786a00000, 0x00000007d5c80000)
  object space 86016K, 15% used [0x0000000781600000,0x0000000782307038,0x0000000786a00000)
 PSPermGen       total 28160K, used 27836K [0x000000077c400000, 0x000000077df80000, 0x0000000781600000)
  object space 28160K, 98% used [0x000000077c400000,0x000000077df2f258,0x000000077df80000)
Event: 3.194 GC heap after
Heap after GC invocations=4 (full 0):
 PSYoungGen      total 71680K, used 5088K [0x00000007d5c80000, 0x00000007da780000, 0x0000000800000000)
  eden space 66560K, 0% used [0x00000007d5c80000,0x00000007d5c80000,0x00000007d9d80000)
  from space 5120K, 99% used [0x00000007da280000,0x00000007da778020,0x00000007da780000)
  to   space 5120K, 0% used [0x00000007d9d80000,0x00000007d9d80000,0x00000007da280000)
 ParOldGen       total 86016K, used 16953K [0x0000000781600000, 0x0000000786a00000, 0x00000007d5c80000)
  object space 86016K, 19% used [0x0000000781600000,0x000000078268e6b8,0x0000000786a00000)
 PSPermGen       total 28160K, used 27836K [0x000000077c400000, 0x000000077df80000, 0x0000000781600000)
  object space 28160K, 98% used [0x000000077c400000,0x000000077df2f258,0x000000077df80000)
}
Event: 5.046 GC heap before
{Heap before GC invocations=5 (full 0):
 PSYoungGen      total 71680K, used 71648K [0x00000007d5c80000, 0x00000007da780000, 0x0000000800000000)
  eden space 66560K, 100% used [0x00000007d5c80000,0x00000007d9d80000,0x00000007d9d80000)
  from space 5120K, 99% used [0x00000007da280000,0x00000007da778020,0x00000007da780000)
  to   space 5120K, 0% used [0x00000007d9d80000,0x00000007d9d80000,0x00000007da280000)
 ParOldGen       total 86016K, used 16953K [0x0000000781600000, 0x0000000786a00000, 0x00000007d5c80000)
  object space 86016K, 19% used [0x0000000781600000,0x000000078268e6b8,0x0000000786a00000)
 PSPermGen       total 38400K, used 38136K [0x000000077c400000, 0x000000077e980000, 0x0000000781600000)
  object space 38400K, 99% used [0x000000077c400000,0x000000077e93e2c0,0x000000077e980000)
Event: 5.085 GC heap after
Heap after GC invocations=5 (full 0):
 PSYoungGen      total 71680K, used 5119K [0x00000007d5c80000, 0x00000007e0780000, 0x0000000800000000)
  eden space 66560K, 0% used [0x00000007d5c80000,0x00000007d5c80000,0x00000007d9d80000)
  from space 5120K, 99% used [0x00000007d9d80000,0x00000007da27fd68,0x00000007da280000)
  to   space 20992K, 0% used [0x00000007df300000,0x00000007df300000,0x00000007e0780000)
 ParOldGen       total 86016K, used 34160K [0x0000000781600000, 0x0000000786a00000, 0x00000007d5c80000)
  object space 86016K, 39% used [0x0000000781600000,0x000000078375c310,0x0000000786a00000)
 PSPermGen       total 38400K, used 38136K [0x000000077c400000, 0x000000077e980000, 0x0000000781600000)
  object space 38400K, 99% used [0x000000077c400000,0x000000077e93e2c0,0x000000077e980000)
}
Event: 13.133 GC heap before
{Heap before GC invocations=6 (full 0):
 PSYoungGen      total 71680K, used 71679K [0x00000007d5c80000, 0x00000007e0780000, 0x0000000800000000)
  eden space 66560K, 100% used [0x00000007d5c80000,0x00000007d9d80000,0x00000007d9d80000)
  from space 5120K, 99% used [0x00000007d9d80000,0x00000007da27fd68,0x00000007da280000)
  to   space 20992K, 0% used [0x00000007df300000,0x00000007df300000,0x00000007e0780000)
 ParOldGen       total 86016K, used 34160K [0x0000000781600000, 0x0000000786a00000, 0x00000007d5c80000)
  object space 86016K, 39% used [0x0000000781600000,0x000000078375c310,0x0000000786a00000)
 PSPermGen       total 41984K, used 41525K [0x000000077c400000, 0x000000077ed00000, 0x0000000781600000)
  object space 41984K, 98% used [0x000000077c400000,0x000000077ec8d5d8,0x000000077ed00000)
Event: 13.152 GC heap after
Heap after GC invocations=6 (full 0):
 PSYoungGen      total 151040K, used 19510K [0x00000007d5c80000, 0x00000007e0d80000, 0x0000000800000000)
  eden space 130048K, 0% used [0x00000007d5c80000,0x00000007d5c80000,0x00000007ddb80000)
  from space 20992K, 92% used [0x00000007df300000,0x00000007e060d9e0,0x00000007e0780000)
  to   space 24064K, 0% used [0x00000007ddb80000,0x00000007ddb80000,0x00000007df300000)
 ParOldGen       total 86016K, used 34168K [0x0000000781600000, 0x0000000786a00000, 0x00000007d5c80000)
  object space 86016K, 39% used [0x0000000781600000,0x000000078375e310,0x0000000786a00000)
 PSPermGen       total 41984K, used 41525K [0x000000077c400000, 0x000000077ed00000, 0x0000000781600000)
  object space 41984K, 98% used [0x000000077c400000,0x000000077ec8d5d8,0x000000077ed00000)
}
Event: 14.292 GC heap before
{Heap before GC invocations=7 (full 0):
 PSYoungGen      total 151040K, used 149558K [0x00000007d5c80000, 0x00000007e0d80000, 0x0000000800000000)
  eden space 130048K, 100% used [0x00000007d5c80000,0x00000007ddb80000,0x00000007ddb80000)
  from space 20992K, 92% used [0x00000007df300000,0x00000007e060d9e0,0x00000007e0780000)
  to   space 24064K, 0% used [0x00000007ddb80000,0x00000007ddb80000,0x00000007df300000)
 ParOldGen       total 86016K, used 34168K [0x0000000781600000, 0x0000000786a00000, 0x00000007d5c80000)
  object space 86016K, 39% used [0x0000000781600000,0x000000078375e310,0x0000000786a00000)
 PSPermGen       total 48640K, used 48213K [0x000000077c400000, 0x000000077f380000, 0x0000000781600000)
  object space 48640K, 99% used [0x000000077c400000,0x000000077f315720,0x000000077f380000)
Event: 14.317 GC heap after
Heap after GC invocations=7 (full 0):
 PSYoungGen      total 154112K, used 24047K [0x00000007d5c80000, 0x00000007e9380000, 0x0000000800000000)
  eden space 130048K, 0% used [0x00000007d5c80000,0x00000007d5c80000,0x00000007ddb80000)
  from space 24064K, 99% used [0x00000007ddb80000,0x00000007df2fbf48,0x00000007df300000)
  to   space 29184K, 0% used [0x00000007e7700000,0x00000007e7700000,0x00000007e9380000)
 ParOldGen       total 86016K, used 36425K [0x0000000781600000, 0x0000000786a00000, 0x00000007d5c80000)
  object space 86016K, 42% used [0x0000000781600000,0x00000007839927a0,0x0000000786a00000)
 PSPermGen       total 48640K, used 48213K [0x000000077c400000, 0x000000077f380000, 0x0000000781600000)
  object space 48640K, 99% used [0x000000077c400000,0x000000077f315720,0x000000077f380000)
}

