# JRE version: Java(TM) SE Runtime Environment (7.0_67-b01) (build 1.7.0_67-b01)
# Java VM: Java HotSpot(TM) 64-Bit Server VM (24.65-b04 mixed mode windows-amd64 compressed oops)
Heap
 PSYoungGen      total 301568K, used 213490K [0x00000007d5c80000, 0x00000007ebc00000, 0x0000000800000000)
  eden space 272896K, 74% used [0x00000007d5c80000,0x00000007e231d200,0x00000007e6700000)
  from space 28672K, 35% used [0x00000007e9200000,0x00000007e9bdf958,0x00000007eae00000)
  to   space 43520K, 0% used [0x00000007e6700000,0x00000007e6700000,0x00000007e9180000)
 ParOldGen       total 169472K, used 97024K [0x0000000781600000, 0x000000078bb80000, 0x00000007d5c80000)
  object space 169472K, 57% used [0x0000000781600000,0x00000007874c00c8,0x000000078bb80000)
 PSPermGen       total 83968K, used 64398K [0x000000077c400000, 0x0000000781600000, 0x0000000781600000)
  object space 83968K, 76% used [0x000000077c400000,0x00000007802e3aa8,0x0000000781600000)
GC Heap History (10 events):
Event: 25.242 GC heap before
{Heap before GC invocations=13 (full 0):
 PSYoungGen      total 214016K, used 191790K [0x00000007d5c80000, 0x00000007e4a00000, 0x0000000800000000)
  eden space 186368K, 100% used [0x00000007d5c80000,0x00000007e1280000,0x00000007e1280000)
  from space 27648K, 19% used [0x00000007e2e00000,0x00000007e334baa0,0x00000007e4900000)
  to   space 28160K, 0% used [0x00000007e1280000,0x00000007e1280000,0x00000007e2e00000)
 ParOldGen       total 86016K, used 65626K [0x0000000781600000, 0x0000000786a00000, 0x00000007d5c80000)
  object space 86016K, 76% used [0x0000000781600000,0x00000007856169c0,0x0000000786a00000)
 PSPermGen       total 62464K, used 62302K [0x000000077c400000, 0x0000000780100000, 0x0000000781600000)
  object space 62464K, 99% used [0x000000077c400000,0x00000007800d7af8,0x0000000780100000)
Event: 25.256 GC heap after
Heap after GC invocations=13 (full 0):
 PSYoungGen      total 214528K, used 21888K [0x00000007d5c80000, 0x00000007eba00000, 0x0000000800000000)
  eden space 186368K, 0% used [0x00000007d5c80000,0x00000007d5c80000,0x00000007e1280000)
  from space 28160K, 77% used [0x00000007e1280000,0x00000007e27e0208,0x00000007e2e00000)
  to   space 29696K, 0% used [0x00000007e9d00000,0x00000007e9d00000,0x00000007eba00000)
 ParOldGen       total 86016K, used 67476K [0x0000000781600000, 0x0000000786a00000, 0x00000007d5c80000)
  object space 86016K, 78% used [0x0000000781600000,0x00000007857e5258,0x0000000786a00000)
 PSPermGen       total 62464K, used 62302K [0x000000077c400000, 0x0000000780100000, 0x0000000781600000)
  object space 62464K, 99% used [0x000000077c400000,0x00000007800d7af8,0x0000000780100000)
}
Event: 29.553 GC heap before
{Heap before GC invocations=14 (full 0):
 PSYoungGen      total 214528K, used 208256K [0x00000007d5c80000, 0x00000007eba00000, 0x0000000800000000)
  eden space 186368K, 100% used [0x00000007d5c80000,0x00000007e1280000,0x00000007e1280000)
  from space 28160K, 77% used [0x00000007e1280000,0x00000007e27e0208,0x00000007e2e00000)
  to   space 29696K, 0% used [0x00000007e9d00000,0x00000007e9d00000,0x00000007eba00000)
 ParOldGen       total 86016K, used 67476K [0x0000000781600000, 0x0000000786a00000, 0x00000007d5c80000)
  object space 86016K, 78% used [0x0000000781600000,0x00000007857e5258,0x0000000786a00000)
 PSPermGen       total 62976K, used 62548K [0x000000077c400000, 0x0000000780180000, 0x0000000781600000)
  object space 62976K, 99% used [0x000000077c400000,0x0000000780115238,0x0000000780180000)
Event: 29.565 GC heap after
Heap after GC invocations=14 (full 0):
 PSYoungGen      total 328192K, used 5017K [0x00000007d5c80000, 0x00000007eba00000, 0x0000000800000000)
  eden space 298496K, 0% used [0x00000007d5c80000,0x00000007d5c80000,0x00000007e8000000)
  from space 29696K, 16% used [0x00000007e9d00000,0x00000007ea1e6690,0x00000007eba00000)
  to   space 29696K, 0% used [0x00000007e8000000,0x00000007e8000000,0x00000007e9d00000)
 ParOldGen       total 86016K, used 68684K [0x0000000781600000, 0x0000000786a00000, 0x00000007d5c80000)
  object space 86016K, 79% used [0x0000000781600000,0x0000000785913278,0x0000000786a00000)
 PSPermGen       total 62976K, used 62548K [0x000000077c400000, 0x0000000780180000, 0x0000000781600000)
  object space 62976K, 99% used [0x000000077c400000,0x0000000780115238,0x0000000780180000)
}
Event: 43.002 GC heap before
{Heap before GC invocations=15 (full 0):
 PSYoungGen      total 328192K, used 303513K [0x00000007d5c80000, 0x00000007eba00000, 0x0000000800000000)
  eden space 298496K, 100% used [0x00000007d5c80000,0x00000007e8000000,0x00000007e8000000)
  from space 29696K, 16% used [0x00000007e9d00000,0x00000007ea1e6690,0x00000007eba00000)
  to   space 29696K, 0% used [0x00000007e8000000,0x00000007e8000000,0x00000007e9d00000)
 ParOldGen       total 86016K, used 68684K [0x0000000781600000, 0x0000000786a00000, 0x00000007d5c80000)
  object space 86016K, 79% used [0x0000000781600000,0x0000000785913278,0x0000000786a00000)
 PSPermGen       total 62976K, used 62934K [0x000000077c400000, 0x0000000780180000, 0x0000000781600000)
  object space 62976K, 99% used [0x000000077c400000,0x0000000780175a98,0x0000000780180000)
Event: 43.020 GC heap after
Heap after GC invocations=15 (full 0):
 PSYoungGen      total 303616K, used 18391K [0x00000007d5c80000, 0x00000007eae00000, 0x0000000800000000)
  eden space 285184K, 0% used [0x00000007d5c80000,0x00000007d5c80000,0x00000007e7300000)
  from space 18432K, 99% used [0x00000007e8000000,0x00000007e91f5dc0,0x00000007e9200000)
  to   space 28672K, 0% used [0x00000007e9200000,0x00000007e9200000,0x00000007eae00000)
 ParOldGen       total 86016K, used 71564K [0x0000000781600000, 0x0000000786a00000, 0x00000007d5c80000)
  object space 86016K, 83% used [0x0000000781600000,0x0000000785be3038,0x0000000786a00000)
 PSPermGen       total 62976K, used 62934K [0x000000077c400000, 0x0000000780180000, 0x0000000781600000)
  object space 62976K, 99% used [0x000000077c400000,0x0000000780175a98,0x0000000780180000)
}
Event: 47.825 GC heap before
{Heap before GC invocations=16 (full 0):
 PSYoungGen      total 303616K, used 303575K [0x00000007d5c80000, 0x00000007eae00000, 0x0000000800000000)
  eden space 285184K, 100% used [0x00000007d5c80000,0x00000007e7300000,0x00000007e7300000)
  from space 18432K, 99% used [0x00000007e8000000,0x00000007e91f5dc0,0x00000007e9200000)
  to   space 28672K, 0% used [0x00000007e9200000,0x00000007e9200000,0x00000007eae00000)
 ParOldGen       total 86016K, used 71564K [0x0000000781600000, 0x0000000786a00000, 0x00000007d5c80000)
  object space 86016K, 83% used [0x0000000781600000,0x0000000785be3038,0x0000000786a00000)
 PSPermGen       total 64512K, used 64194K [0x000000077c400000, 0x0000000780300000, 0x0000000781600000)
  object space 64512K, 99% used [0x000000077c400000,0x00000007802b09e8,0x0000000780300000)
Event: 47.855 GC heap after
Heap after GC invocations=16 (full 0):
 PSYoungGen      total 301568K, used 28645K [0x00000007d5c80000, 0x00000007ebc00000, 0x0000000800000000)
  eden space 272896K, 0% used [0x00000007d5c80000,0x00000007d5c80000,0x00000007e6700000)
  from space 28672K, 99% used [0x00000007e9200000,0x00000007eadf9798,0x00000007eae00000)
  to   space 43520K, 0% used [0x00000007e6700000,0x00000007e6700000,0x00000007e9180000)
 ParOldGen       total 98816K, used 97275K [0x0000000781600000, 0x0000000787680000, 0x00000007d5c80000)
  object space 98816K, 98% used [0x0000000781600000,0x00000007874fecc8,0x0000000787680000)
 PSPermGen       total 64512K, used 64194K [0x000000077c400000, 0x0000000780300000, 0x0000000781600000)
  object space 64512K, 99% used [0x000000077c400000,0x00000007802b09e8,0x0000000780300000)
}
Event: 47.856 GC heap before
{Heap before GC invocations=17 (full 1):
 PSYoungGen      total 301568K, used 28645K [0x00000007d5c80000, 0x00000007ebc00000, 0x0000000800000000)
  eden space 272896K, 0% used [0x00000007d5c80000,0x00000007d5c80000,0x00000007e6700000)
  from space 28672K, 99% used [0x00000007e9200000,0x00000007eadf9798,0x00000007eae00000)
  to   space 43520K, 0% used [0x00000007e6700000,0x00000007e6700000,0x00000007e9180000)
 ParOldGen       total 98816K, used 97275K [0x0000000781600000, 0x0000000787680000, 0x00000007d5c80000)
  object space 98816K, 98% used [0x0000000781600000,0x00000007874fecc8,0x0000000787680000)
 PSPermGen       total 64512K, used 64194K [0x000000077c400000, 0x0000000780300000, 0x0000000781600000)
  object space 64512K, 99% used [0x000000077c400000,0x00000007802b09e8,0x0000000780300000)
Event: 48.262 GC heap after
Heap after GC invocations=17 (full 1):
 PSYoungGen      total 301568K, used 10110K [0x00000007d5c80000, 0x00000007ebc00000, 0x0000000800000000)
  eden space 272896K, 0% used [0x00000007d5c80000,0x00000007d5c80000,0x00000007e6700000)
  from space 28672K, 35% used [0x00000007e9200000,0x00000007e9bdf958,0x00000007eae00000)
  to   space 43520K, 0% used [0x00000007e6700000,0x00000007e6700000,0x00000007e9180000)
 ParOldGen       total 169472K, used 97024K [0x0000000781600000, 0x000000078bb80000, 0x00000007d5c80000)
  object space 169472K, 57% used [0x0000000781600000,0x00000007874c00c8,0x000000078bb80000)
 PSPermGen       total 83968K, used 64162K [0x000000077c400000, 0x0000000781600000, 0x0000000781600000)
  object space 83968K, 76% used [0x000000077c400000,0x00000007802a8868,0x0000000781600000)
}

