# JRE version: Java(TM) SE Runtime Environment (7.0_67-b01) (build 1.7.0_67-b01)
# Java VM: Java HotSpot(TM) 64-Bit Server VM (24.65-b04 mixed mode windows-amd64 compressed oops)
Heap
 PSYoungGen      total 149504K, used 75591K [0x00000007d5c80000, 0x00000007e8480000, 0x0000000800000000)
  eden space 127488K, 44% used [0x00000007d5c80000,0x00000007d944d2e0,0x00000007dd900000)
  from space 22016K, 83% used [0x00000007df080000,0x00000007e0284cf0,0x00000007e0600000)
  to   space 24064K, 0% used [0x00000007dd900000,0x00000007dd900000,0x00000007df080000)
 ParOldGen       total 86016K, used 37499K [0x0000000781600000, 0x0000000786a00000, 0x00000007d5c80000)
  object space 86016K, 43% used [0x0000000781600000,0x0000000783a9eff8,0x0000000786a00000)
 PSPermGen       total 48640K, used 48450K [0x000000077c400000, 0x000000077f380000, 0x0000000781600000)
  object space 48640K, 99% used [0x000000077c400000,0x000000077f350be8,0x000000077f380000)
GC Heap History (10 events):
Event: 3.290 GC heap before
{Heap before GC invocations=4 (full 0):
 PSYoungGen      total 38400K, used 38391K [0x00000007d5c80000, 0x00000007da780000, 0x0000000800000000)
  eden space 33280K, 99% used [0x00000007d5c80000,0x00000007d7cff540,0x00000007d7d00000)
  from space 5120K, 99% used [0x00000007d7d00000,0x00000007d81fe860,0x00000007d8200000)
  to   space 5120K, 0% used [0x00000007da280000,0x00000007da280000,0x00000007da780000)
 ParOldGen       total 86016K, used 14280K [0x0000000781600000, 0x0000000786a00000, 0x00000007d5c80000)
  object space 86016K, 16% used [0x0000000781600000,0x00000007823f21f0,0x0000000786a00000)
 PSPermGen       total 28160K, used 27741K [0x000000077c400000, 0x000000077df80000, 0x0000000781600000)
  object space 28160K, 98% used [0x000000077c400000,0x000000077df176e0,0x000000077df80000)
Event: 3.302 GC heap after
Heap after GC invocations=4 (full 0):
 PSYoungGen      total 71680K, used 5088K [0x00000007d5c80000, 0x00000007da780000, 0x0000000800000000)
  eden space 66560K, 0% used [0x00000007d5c80000,0x00000007d5c80000,0x00000007d9d80000)
  from space 5120K, 99% used [0x00000007da280000,0x00000007da778020,0x00000007da780000)
  to   space 5120K, 0% used [0x00000007d9d80000,0x00000007d9d80000,0x00000007da280000)
 ParOldGen       total 86016K, used 17855K [0x0000000781600000, 0x0000000786a00000, 0x00000007d5c80000)
  object space 86016K, 20% used [0x0000000781600000,0x000000078276ff38,0x0000000786a00000)
 PSPermGen       total 28160K, used 27741K [0x000000077c400000, 0x000000077df80000, 0x0000000781600000)
  object space 28160K, 98% used [0x000000077c400000,0x000000077df176e0,0x000000077df80000)
}
Event: 5.134 GC heap before
{Heap before GC invocations=5 (full 0):
 PSYoungGen      total 71680K, used 71648K [0x00000007d5c80000, 0x00000007da780000, 0x0000000800000000)
  eden space 66560K, 100% used [0x00000007d5c80000,0x00000007d9d80000,0x00000007d9d80000)
  from space 5120K, 99% used [0x00000007da280000,0x00000007da778020,0x00000007da780000)
  to   space 5120K, 0% used [0x00000007d9d80000,0x00000007d9d80000,0x00000007da280000)
 ParOldGen       total 86016K, used 17863K [0x0000000781600000, 0x0000000786a00000, 0x00000007d5c80000)
  object space 86016K, 20% used [0x0000000781600000,0x0000000782771eb8,0x0000000786a00000)
 PSPermGen       total 38400K, used 38031K [0x000000077c400000, 0x000000077e980000, 0x0000000781600000)
  object space 38400K, 99% used [0x000000077c400000,0x000000077e923e18,0x000000077e980000)
Event: 5.151 GC heap after
Heap after GC invocations=5 (full 0):
 PSYoungGen      total 71680K, used 5092K [0x00000007d5c80000, 0x00000007e0680000, 0x0000000800000000)
  eden space 66560K, 0% used [0x00000007d5c80000,0x00000007d5c80000,0x00000007d9d80000)
  from space 5120K, 99% used [0x00000007d9d80000,0x00000007da279020,0x00000007da280000)
  to   space 20480K, 0% used [0x00000007df280000,0x00000007df280000,0x00000007e0680000)
 ParOldGen       total 86016K, used 34569K [0x0000000781600000, 0x0000000786a00000, 0x00000007d5c80000)
  object space 86016K, 40% used [0x0000000781600000,0x00000007837c2560,0x0000000786a00000)
 PSPermGen       total 38400K, used 38031K [0x000000077c400000, 0x000000077e980000, 0x0000000781600000)
  object space 38400K, 99% used [0x000000077c400000,0x000000077e923e18,0x000000077e980000)
}
Event: 28.131 GC heap before
{Heap before GC invocations=6 (full 0):
 PSYoungGen      total 71680K, used 71652K [0x00000007d5c80000, 0x00000007e0680000, 0x0000000800000000)
  eden space 66560K, 100% used [0x00000007d5c80000,0x00000007d9d80000,0x00000007d9d80000)
  from space 5120K, 99% used [0x00000007d9d80000,0x00000007da279020,0x00000007da280000)
  to   space 20480K, 0% used [0x00000007df280000,0x00000007df280000,0x00000007e0680000)
 ParOldGen       total 86016K, used 34569K [0x0000000781600000, 0x0000000786a00000, 0x00000007d5c80000)
  object space 86016K, 40% used [0x0000000781600000,0x00000007837c2560,0x0000000786a00000)
 PSPermGen       total 40960K, used 40607K [0x000000077c400000, 0x000000077ec00000, 0x0000000781600000)
  object space 40960K, 99% used [0x000000077c400000,0x000000077eba7e88,0x000000077ec00000)
Event: 28.149 GC heap after
Heap after GC invocations=6 (full 0):
 PSYoungGen      total 153088K, used 15699K [0x00000007d5c80000, 0x00000007e0780000, 0x0000000800000000)
  eden space 132608K, 0% used [0x00000007d5c80000,0x00000007d5c80000,0x00000007dde00000)
  from space 20480K, 76% used [0x00000007df280000,0x00000007e01d4f00,0x00000007e0680000)
  to   space 20992K, 0% used [0x00000007dde00000,0x00000007dde00000,0x00000007df280000)
 ParOldGen       total 86016K, used 34569K [0x0000000781600000, 0x0000000786a00000, 0x00000007d5c80000)
  object space 86016K, 40% used [0x0000000781600000,0x00000007837c2560,0x0000000786a00000)
 PSPermGen       total 40960K, used 40607K [0x000000077c400000, 0x000000077ec00000, 0x0000000781600000)
  object space 40960K, 99% used [0x000000077c400000,0x000000077eba7e88,0x000000077ec00000)
}
Event: 31.615 GC heap before
{Heap before GC invocations=7 (full 0):
 PSYoungGen      total 153088K, used 148307K [0x00000007d5c80000, 0x00000007e0780000, 0x0000000800000000)
  eden space 132608K, 100% used [0x00000007d5c80000,0x00000007dde00000,0x00000007dde00000)
  from space 20480K, 76% used [0x00000007df280000,0x00000007e01d4f00,0x00000007e0680000)
  to   space 20992K, 0% used [0x00000007dde00000,0x00000007dde00000,0x00000007df280000)
 ParOldGen       total 86016K, used 34569K [0x0000000781600000, 0x0000000786a00000, 0x00000007d5c80000)
  object space 86016K, 40% used [0x0000000781600000,0x00000007837c2560,0x0000000786a00000)
 PSPermGen       total 45056K, used 44801K [0x000000077c400000, 0x000000077f000000, 0x0000000781600000)
  object space 45056K, 99% used [0x000000077c400000,0x000000077efc0760,0x000000077f000000)
Event: 31.638 GC heap after
Heap after GC invocations=7 (full 0):
 PSYoungGen      total 146432K, used 18810K [0x00000007d5c80000, 0x00000007e0600000, 0x0000000800000000)
  eden space 127488K, 0% used [0x00000007d5c80000,0x00000007d5c80000,0x00000007dd900000)
  from space 18944K, 99% used [0x00000007dde00000,0x00000007df05eae8,0x00000007df080000)
  to   space 22016K, 0% used [0x00000007df080000,0x00000007df080000,0x00000007e0600000)
 ParOldGen       total 86016K, used 37014K [0x0000000781600000, 0x0000000786a00000, 0x00000007d5c80000)
  object space 86016K, 43% used [0x0000000781600000,0x0000000783a25ba8,0x0000000786a00000)
 PSPermGen       total 45056K, used 44801K [0x000000077c400000, 0x000000077f000000, 0x0000000781600000)
  object space 45056K, 99% used [0x000000077c400000,0x000000077efc0760,0x000000077f000000)
}
Event: 32.377 GC heap before
{Heap before GC invocations=8 (full 0):
 PSYoungGen      total 146432K, used 146298K [0x00000007d5c80000, 0x00000007e0600000, 0x0000000800000000)
  eden space 127488K, 100% used [0x00000007d5c80000,0x00000007dd900000,0x00000007dd900000)
  from space 18944K, 99% used [0x00000007dde00000,0x00000007df05eae8,0x00000007df080000)
  to   space 22016K, 0% used [0x00000007df080000,0x00000007df080000,0x00000007e0600000)
 ParOldGen       total 86016K, used 37014K [0x0000000781600000, 0x0000000786a00000, 0x00000007d5c80000)
  object space 86016K, 43% used [0x0000000781600000,0x0000000783a25ba8,0x0000000786a00000)
 PSPermGen       total 47616K, used 47580K [0x000000077c400000, 0x000000077f280000, 0x0000000781600000)
  object space 47616K, 99% used [0x000000077c400000,0x000000077f277220,0x000000077f280000)
Event: 32.395 GC heap after
Heap after GC invocations=8 (full 0):
 PSYoungGen      total 149504K, used 18451K [0x00000007d5c80000, 0x00000007e8480000, 0x0000000800000000)
  eden space 127488K, 0% used [0x00000007d5c80000,0x00000007d5c80000,0x00000007dd900000)
  from space 22016K, 83% used [0x00000007df080000,0x00000007e0284cf0,0x00000007e0600000)
  to   space 24064K, 0% used [0x00000007dd900000,0x00000007dd900000,0x00000007df080000)
 ParOldGen       total 86016K, used 37499K [0x0000000781600000, 0x0000000786a00000, 0x00000007d5c80000)
  object space 86016K, 43% used [0x0000000781600000,0x0000000783a9eff8,0x0000000786a00000)
 PSPermGen       total 47616K, used 47580K [0x000000077c400000, 0x000000077f280000, 0x0000000781600000)
  object space 47616K, 99% used [0x000000077c400000,0x000000077f277220,0x000000077f280000)
}

