# JRE version: Java(TM) SE Runtime Environment (7.0_67-b01) (build 1.7.0_67-b01)
# Java VM: Java HotSpot(TM) 64-Bit Server VM (24.65-b04 mixed mode windows-amd64 compressed oops)
Heap
 PSYoungGen      total 82432K, used 46922K [0x00000007d5c80000, 0x00000007e0380000, 0x0000000800000000)
  eden space 64512K, 45% used [0x00000007d5c80000,0x00000007d7928718,0x00000007d9b80000)
  from space 17920K, 98% used [0x00000007df200000,0x00000007e032a390,0x00000007e0380000)
  to   space 22016K, 0% used [0x00000007dd880000,0x00000007dd880000,0x00000007dee00000)
 ParOldGen       total 86016K, used 48586K [0x0000000781600000, 0x0000000786a00000, 0x00000007d5c80000)
  object space 86016K, 56% used [0x0000000781600000,0x0000000784572b60,0x0000000786a00000)
 PSPermGen       total 40960K, used 40835K [0x000000077c400000, 0x000000077ec00000, 0x0000000781600000)
  object space 40960K, 99% used [0x000000077c400000,0x000000077ebe0fb8,0x000000077ec00000)
GC Heap History (10 events):
Event: 3.220 GC heap before
{Heap before GC invocations=2 (full 0):
 PSYoungGen      total 38400K, used 38398K [0x00000007d5c80000, 0x00000007d8700000, 0x0000000800000000)
  eden space 33280K, 100% used [0x00000007d5c80000,0x00000007d7d00000,0x00000007d7d00000)
  from space 5120K, 99% used [0x00000007d7d00000,0x00000007d81ffad0,0x00000007d8200000)
  to   space 5120K, 0% used [0x00000007d8200000,0x00000007d8200000,0x00000007d8700000)
 ParOldGen       total 86016K, used 6505K [0x0000000781600000, 0x0000000786a00000, 0x00000007d5c80000)
  object space 86016K, 7% used [0x0000000781600000,0x0000000781c5a7c8,0x0000000786a00000)
 PSPermGen       total 21504K, used 19310K [0x000000077c400000, 0x000000077d900000, 0x0000000781600000)
  object space 21504K, 89% used [0x000000077c400000,0x000000077d6db900,0x000000077d900000)
Event: 3.244 GC heap after
Heap after GC invocations=2 (full 0):
 PSYoungGen      total 38400K, used 5116K [0x00000007d5c80000, 0x00000007da780000, 0x0000000800000000)
  eden space 33280K, 0% used [0x00000007d5c80000,0x00000007d5c80000,0x00000007d7d00000)
  from space 5120K, 99% used [0x00000007d8200000,0x00000007d86ff0f0,0x00000007d8700000)
  to   space 5120K, 0% used [0x00000007d7d00000,0x00000007d7d00000,0x00000007d8200000)
 ParOldGen       total 86016K, used 10542K [0x0000000781600000, 0x0000000786a00000, 0x00000007d5c80000)
  object space 86016K, 12% used [0x0000000781600000,0x000000078204b8f0,0x0000000786a00000)
 PSPermGen       total 21504K, used 19310K [0x000000077c400000, 0x000000077d900000, 0x0000000781600000)
  object space 21504K, 89% used [0x000000077c400000,0x000000077d6db900,0x000000077d900000)
}
Event: 4.395 GC heap before
{Heap before GC invocations=3 (full 0):
 PSYoungGen      total 38400K, used 38396K [0x00000007d5c80000, 0x00000007da780000, 0x0000000800000000)
  eden space 33280K, 100% used [0x00000007d5c80000,0x00000007d7d00000,0x00000007d7d00000)
  from space 5120K, 99% used [0x00000007d8200000,0x00000007d86ff0f0,0x00000007d8700000)
  to   space 5120K, 0% used [0x00000007d7d00000,0x00000007d7d00000,0x00000007d8200000)
 ParOldGen       total 86016K, used 10542K [0x0000000781600000, 0x0000000786a00000, 0x00000007d5c80000)
  object space 86016K, 12% used [0x0000000781600000,0x000000078204b8f0,0x0000000786a00000)
 PSPermGen       total 24576K, used 24301K [0x000000077c400000, 0x000000077dc00000, 0x0000000781600000)
  object space 24576K, 98% used [0x000000077c400000,0x000000077dbbb7b8,0x000000077dc00000)
Event: 4.408 GC heap after
Heap after GC invocations=3 (full 0):
 PSYoungGen      total 38400K, used 5100K [0x00000007d5c80000, 0x00000007da780000, 0x0000000800000000)
  eden space 33280K, 0% used [0x00000007d5c80000,0x00000007d5c80000,0x00000007d7d00000)
  from space 5120K, 99% used [0x00000007d7d00000,0x00000007d81fb0c0,0x00000007d8200000)
  to   space 5120K, 0% used [0x00000007da280000,0x00000007da280000,0x00000007da780000)
 ParOldGen       total 86016K, used 13016K [0x0000000781600000, 0x0000000786a00000, 0x00000007d5c80000)
  object space 86016K, 15% used [0x0000000781600000,0x00000007822b6030,0x0000000786a00000)
 PSPermGen       total 24576K, used 24301K [0x000000077c400000, 0x000000077dc00000, 0x0000000781600000)
  object space 24576K, 98% used [0x000000077c400000,0x000000077dbbb7b8,0x000000077dc00000)
}
Event: 6.206 GC heap before
{Heap before GC invocations=4 (full 0):
 PSYoungGen      total 38400K, used 38380K [0x00000007d5c80000, 0x00000007da780000, 0x0000000800000000)
  eden space 33280K, 100% used [0x00000007d5c80000,0x00000007d7d00000,0x00000007d7d00000)
  from space 5120K, 99% used [0x00000007d7d00000,0x00000007d81fb0c0,0x00000007d8200000)
  to   space 5120K, 0% used [0x00000007da280000,0x00000007da280000,0x00000007da780000)
 ParOldGen       total 86016K, used 13016K [0x0000000781600000, 0x0000000786a00000, 0x00000007d5c80000)
  object space 86016K, 15% used [0x0000000781600000,0x00000007822b6030,0x0000000786a00000)
 PSPermGen       total 28160K, used 27867K [0x000000077c400000, 0x000000077df80000, 0x0000000781600000)
  object space 28160K, 98% used [0x000000077c400000,0x000000077df36d30,0x000000077df80000)
Event: 6.219 GC heap after
Heap after GC invocations=4 (full 0):
 PSYoungGen      total 71680K, used 5118K [0x00000007d5c80000, 0x00000007da780000, 0x0000000800000000)
  eden space 66560K, 0% used [0x00000007d5c80000,0x00000007d5c80000,0x00000007d9d80000)
  from space 5120K, 99% used [0x00000007da280000,0x00000007da77fab0,0x00000007da780000)
  to   space 5120K, 0% used [0x00000007d9d80000,0x00000007d9d80000,0x00000007da280000)
 ParOldGen       total 86016K, used 16442K [0x0000000781600000, 0x0000000786a00000, 0x00000007d5c80000)
  object space 86016K, 19% used [0x0000000781600000,0x000000078260ea68,0x0000000786a00000)
 PSPermGen       total 28160K, used 27867K [0x000000077c400000, 0x000000077df80000, 0x0000000781600000)
  object space 28160K, 98% used [0x000000077c400000,0x000000077df36d30,0x000000077df80000)
}
Event: 9.704 GC heap before
{Heap before GC invocations=5 (full 0):
 PSYoungGen      total 71680K, used 71678K [0x00000007d5c80000, 0x00000007da780000, 0x0000000800000000)
  eden space 66560K, 100% used [0x00000007d5c80000,0x00000007d9d80000,0x00000007d9d80000)
  from space 5120K, 99% used [0x00000007da280000,0x00000007da77fab0,0x00000007da780000)
  to   space 5120K, 0% used [0x00000007d9d80000,0x00000007d9d80000,0x00000007da280000)
 ParOldGen       total 86016K, used 16442K [0x0000000781600000, 0x0000000786a00000, 0x00000007d5c80000)
  object space 86016K, 19% used [0x0000000781600000,0x000000078260ea68,0x0000000786a00000)
 PSPermGen       total 38400K, used 37991K [0x000000077c400000, 0x000000077e980000, 0x0000000781600000)
  object space 38400K, 98% used [0x000000077c400000,0x000000077e919fc8,0x000000077e980000)
Event: 9.725 GC heap after
Heap after GC invocations=5 (full 0):
 PSYoungGen      total 71680K, used 5120K [0x00000007d5c80000, 0x00000007e0580000, 0x0000000800000000)
  eden space 66560K, 0% used [0x00000007d5c80000,0x00000007d5c80000,0x00000007d9d80000)
  from space 5120K, 100% used [0x00000007d9d80000,0x00000007da280000,0x00000007da280000)
  to   space 19968K, 0% used [0x00000007df200000,0x00000007df200000,0x00000007e0580000)
 ParOldGen       total 86016K, used 32873K [0x0000000781600000, 0x0000000786a00000, 0x00000007d5c80000)
  object space 86016K, 38% used [0x0000000781600000,0x000000078361a740,0x0000000786a00000)
 PSPermGen       total 38400K, used 37991K [0x000000077c400000, 0x000000077e980000, 0x0000000781600000)
  object space 38400K, 98% used [0x000000077c400000,0x000000077e919fc8,0x000000077e980000)
}
Event: 25.182 GC heap before
{Heap before GC invocations=6 (full 0):
 PSYoungGen      total 71680K, used 71680K [0x00000007d5c80000, 0x00000007e0580000, 0x0000000800000000)
  eden space 66560K, 100% used [0x00000007d5c80000,0x00000007d9d80000,0x00000007d9d80000)
  from space 5120K, 100% used [0x00000007d9d80000,0x00000007da280000,0x00000007da280000)
  to   space 19968K, 0% used [0x00000007df200000,0x00000007df200000,0x00000007e0580000)
 ParOldGen       total 86016K, used 32873K [0x0000000781600000, 0x0000000786a00000, 0x00000007d5c80000)
  object space 86016K, 38% used [0x0000000781600000,0x000000078361a740,0x0000000786a00000)
 PSPermGen       total 40960K, used 40647K [0x000000077c400000, 0x000000077ec00000, 0x0000000781600000)
  object space 40960K, 99% used [0x000000077c400000,0x000000077ebb1fb0,0x000000077ec00000)
Event: 25.202 GC heap after
Heap after GC invocations=6 (full 0):
 PSYoungGen      total 82432K, used 17576K [0x00000007d5c80000, 0x00000007e0380000, 0x0000000800000000)
  eden space 64512K, 0% used [0x00000007d5c80000,0x00000007d5c80000,0x00000007d9b80000)
  from space 17920K, 98% used [0x00000007df200000,0x00000007e032a390,0x00000007e0380000)
  to   space 22016K, 0% used [0x00000007dd880000,0x00000007dd880000,0x00000007dee00000)
 ParOldGen       total 86016K, used 48586K [0x0000000781600000, 0x0000000786a00000, 0x00000007d5c80000)
  object space 86016K, 56% used [0x0000000781600000,0x0000000784572b60,0x0000000786a00000)
 PSPermGen       total 40960K, used 40647K [0x000000077c400000, 0x000000077ec00000, 0x0000000781600000)
  object space 40960K, 99% used [0x000000077c400000,0x000000077ebb1fb0,0x000000077ec00000)
}

