# JRE version: Java(TM) SE Runtime Environment (7.0_67-b01) (build 1.7.0_67-b01)
# Java VM: Java HotSpot(TM) 64-Bit Server VM (24.65-b04 mixed mode windows-amd64 compressed oops)
Heap
 PSYoungGen      total 74240K, used 21916K [0x00000007d5c80000, 0x00000007dcb80000, 0x0000000800000000)
  eden space 52736K, 34% used [0x00000007d5c80000,0x00000007d6e75058,0x00000007d9000000)
  from space 21504K, 16% used [0x00000007d9000000,0x00000007d9372000,0x00000007da500000)
  to   space 20480K, 0% used [0x00000007db780000,0x00000007db780000,0x00000007dcb80000)
 ParOldGen       total 96256K, used 49099K [0x0000000781600000, 0x0000000787400000, 0x00000007d5c80000)
  object space 96256K, 51% used [0x0000000781600000,0x00000007845f2e28,0x0000000787400000)
 PSPermGen       total 83456K, used 53667K [0x000000077c400000, 0x0000000781580000, 0x0000000781600000)
  object space 83456K, 64% used [0x000000077c400000,0x000000077f868c70,0x0000000781580000)
GC Heap History (10 events):
Event: 118.372 GC heap before
{Heap before GC invocations=16 (full 1):
 PSYoungGen      total 48128K, used 26103K [0x00000007d5c80000, 0x00000007da400000, 0x0000000800000000)
  eden space 24064K, 100% used [0x00000007d5c80000,0x00000007d7400000,0x00000007d7400000)
  from space 24064K, 8% used [0x00000007d8c80000,0x00000007d8e7dfb0,0x00000007da400000)
  to   space 24576K, 0% used [0x00000007d7400000,0x00000007d7400000,0x00000007d8c00000)
 ParOldGen       total 96256K, used 45375K [0x0000000781600000, 0x0000000787400000, 0x00000007d5c80000)
  object space 96256K, 47% used [0x0000000781600000,0x000000078424ffd8,0x0000000787400000)
 PSPermGen       total 83456K, used 46535K [0x000000077c400000, 0x0000000781580000, 0x0000000781600000)
  object space 83456K, 55% used [0x000000077c400000,0x000000077f171f38,0x0000000781580000)
Event: 118.428 GC heap after
Heap after GC invocations=16 (full 1):
 PSYoungGen      total 48640K, used 2615K [0x00000007d5c80000, 0x00000007db000000, 0x0000000800000000)
  eden space 24064K, 0% used [0x00000007d5c80000,0x00000007d5c80000,0x00000007d7400000)
  from space 24576K, 10% used [0x00000007d7400000,0x00000007d768df98,0x00000007d8c00000)
  to   space 24064K, 0% used [0x00000007d9880000,0x00000007d9880000,0x00000007db000000)
 ParOldGen       total 96256K, used 46109K [0x0000000781600000, 0x0000000787400000, 0x00000007d5c80000)
  object space 96256K, 47% used [0x0000000781600000,0x0000000784307608,0x0000000787400000)
 PSPermGen       total 83456K, used 46535K [0x000000077c400000, 0x0000000781580000, 0x0000000781600000)
  object space 83456K, 55% used [0x000000077c400000,0x000000077f171f38,0x0000000781580000)
}
Event: 118.686 GC heap before
{Heap before GC invocations=17 (full 1):
 PSYoungGen      total 48640K, used 26679K [0x00000007d5c80000, 0x00000007db000000, 0x0000000800000000)
  eden space 24064K, 100% used [0x00000007d5c80000,0x00000007d7400000,0x00000007d7400000)
  from space 24576K, 10% used [0x00000007d7400000,0x00000007d768df98,0x00000007d8c00000)
  to   space 24064K, 0% used [0x00000007d9880000,0x00000007d9880000,0x00000007db000000)
 ParOldGen       total 96256K, used 46109K [0x0000000781600000, 0x0000000787400000, 0x00000007d5c80000)
  object space 96256K, 47% used [0x0000000781600000,0x0000000784307608,0x0000000787400000)
 PSPermGen       total 83456K, used 47248K [0x000000077c400000, 0x0000000781580000, 0x0000000781600000)
  object space 83456K, 56% used [0x000000077c400000,0x000000077f2240b8,0x0000000781580000)
Event: 118.707 GC heap after
Heap after GC invocations=17 (full 1):
 PSYoungGen      total 61440K, used 1324K [0x00000007d5c80000, 0x00000007daf80000, 0x0000000800000000)
  eden space 37888K, 0% used [0x00000007d5c80000,0x00000007d5c80000,0x00000007d8180000)
  from space 23552K, 5% used [0x00000007d9880000,0x00000007d99cb000,0x00000007daf80000)
  to   space 23552K, 0% used [0x00000007d8180000,0x00000007d8180000,0x00000007d9880000)
 ParOldGen       total 96256K, used 47277K [0x0000000781600000, 0x0000000787400000, 0x00000007d5c80000)
  object space 96256K, 49% used [0x0000000781600000,0x000000078442b608,0x0000000787400000)
 PSPermGen       total 83456K, used 47248K [0x000000077c400000, 0x0000000781580000, 0x0000000781600000)
  object space 83456K, 56% used [0x000000077c400000,0x000000077f2240b8,0x0000000781580000)
}
Event: 119.487 GC heap before
{Heap before GC invocations=18 (full 1):
 PSYoungGen      total 61440K, used 39212K [0x00000007d5c80000, 0x00000007daf80000, 0x0000000800000000)
  eden space 37888K, 100% used [0x00000007d5c80000,0x00000007d8180000,0x00000007d8180000)
  from space 23552K, 5% used [0x00000007d9880000,0x00000007d99cb000,0x00000007daf80000)
  to   space 23552K, 0% used [0x00000007d8180000,0x00000007d8180000,0x00000007d9880000)
 ParOldGen       total 96256K, used 47277K [0x0000000781600000, 0x0000000787400000, 0x00000007d5c80000)
  object space 96256K, 49% used [0x0000000781600000,0x000000078442b608,0x0000000787400000)
 PSPermGen       total 83456K, used 49022K [0x000000077c400000, 0x0000000781580000, 0x0000000781600000)
  object space 83456K, 58% used [0x000000077c400000,0x000000077f3df988,0x0000000781580000)
Event: 119.542 GC heap after
Heap after GC invocations=18 (full 1):
 PSYoungGen      total 61440K, used 2935K [0x00000007d5c80000, 0x00000007dbb80000, 0x0000000800000000)
  eden space 37888K, 0% used [0x00000007d5c80000,0x00000007d5c80000,0x00000007d8180000)
  from space 23552K, 12% used [0x00000007d8180000,0x00000007d845dfb8,0x00000007d9880000)
  to   space 22528K, 0% used [0x00000007da580000,0x00000007da580000,0x00000007dbb80000)
 ParOldGen       total 96256K, used 47677K [0x0000000781600000, 0x0000000787400000, 0x00000007d5c80000)
  object space 96256K, 49% used [0x0000000781600000,0x000000078448f608,0x0000000787400000)
 PSPermGen       total 83456K, used 49022K [0x000000077c400000, 0x0000000781580000, 0x0000000781600000)
  object space 83456K, 58% used [0x000000077c400000,0x000000077f3df988,0x0000000781580000)
}
Event: 120.238 GC heap before
{Heap before GC invocations=19 (full 1):
 PSYoungGen      total 61440K, used 40823K [0x00000007d5c80000, 0x00000007dbb80000, 0x0000000800000000)
  eden space 37888K, 100% used [0x00000007d5c80000,0x00000007d8180000,0x00000007d8180000)
  from space 23552K, 12% used [0x00000007d8180000,0x00000007d845dfb8,0x00000007d9880000)
  to   space 22528K, 0% used [0x00000007da580000,0x00000007da580000,0x00000007dbb80000)
 ParOldGen       total 96256K, used 47677K [0x0000000781600000, 0x0000000787400000, 0x00000007d5c80000)
  object space 96256K, 49% used [0x0000000781600000,0x000000078448f608,0x0000000787400000)
 PSPermGen       total 83456K, used 51247K [0x000000077c400000, 0x0000000781580000, 0x0000000781600000)
  object space 83456K, 61% used [0x000000077c400000,0x000000077f60bca8,0x0000000781580000)
Event: 120.309 GC heap after
Heap after GC invocations=19 (full 1):
 PSYoungGen      total 73728K, used 3090K [0x00000007d5c80000, 0x00000007dba00000, 0x0000000800000000)
  eden space 52736K, 0% used [0x00000007d5c80000,0x00000007d5c80000,0x00000007d9000000)
  from space 20992K, 14% used [0x00000007da580000,0x00000007da8848d0,0x00000007dba00000)
  to   space 21504K, 0% used [0x00000007d9000000,0x00000007d9000000,0x00000007da500000)
 ParOldGen       total 96256K, used 48341K [0x0000000781600000, 0x0000000787400000, 0x00000007d5c80000)
  object space 96256K, 50% used [0x0000000781600000,0x0000000784535608,0x0000000787400000)
 PSPermGen       total 83456K, used 51247K [0x000000077c400000, 0x0000000781580000, 0x0000000781600000)
  object space 83456K, 61% used [0x000000077c400000,0x000000077f60bca8,0x0000000781580000)
}
Event: 132.151 GC heap before
{Heap before GC invocations=20 (full 1):
 PSYoungGen      total 73728K, used 54589K [0x00000007d5c80000, 0x00000007dba00000, 0x0000000800000000)
  eden space 52736K, 97% used [0x00000007d5c80000,0x00000007d8ecae90,0x00000007d9000000)
  from space 20992K, 14% used [0x00000007da580000,0x00000007da8848d0,0x00000007dba00000)
  to   space 21504K, 0% used [0x00000007d9000000,0x00000007d9000000,0x00000007da500000)
 ParOldGen       total 96256K, used 48341K [0x0000000781600000, 0x0000000787400000, 0x00000007d5c80000)
  object space 96256K, 50% used [0x0000000781600000,0x0000000784535608,0x0000000787400000)
 PSPermGen       total 83456K, used 53665K [0x000000077c400000, 0x0000000781580000, 0x0000000781600000)
  object space 83456K, 64% used [0x000000077c400000,0x000000077f868470,0x0000000781580000)
Event: 132.193 GC heap after
Heap after GC invocations=20 (full 1):
 PSYoungGen      total 74240K, used 3528K [0x00000007d5c80000, 0x00000007dcb80000, 0x0000000800000000)
  eden space 52736K, 0% used [0x00000007d5c80000,0x00000007d5c80000,0x00000007d9000000)
  from space 21504K, 16% used [0x00000007d9000000,0x00000007d9372000,0x00000007da500000)
  to   space 20480K, 0% used [0x00000007db780000,0x00000007db780000,0x00000007dcb80000)
 ParOldGen       total 96256K, used 49099K [0x0000000781600000, 0x0000000787400000, 0x00000007d5c80000)
  object space 96256K, 51% used [0x0000000781600000,0x00000007845f2e28,0x0000000787400000)
 PSPermGen       total 83456K, used 53665K [0x000000077c400000, 0x0000000781580000, 0x0000000781600000)
  object space 83456K, 64% used [0x000000077c400000,0x000000077f868470,0x0000000781580000)
}

